\BOOKMARK [0][-]{part.1}{\376\377\000I\000\040\000C\000L\000I\000\040\144\315\117\134}{}% 1
\BOOKMARK [1][-]{section.1}{\376\377\000C\000L\000I\000\040\212\055\133\232}{part.1}% 2
\BOOKMARK [1][-]{section.2}{\376\377\175\364\177\322\165\050\166\204\152\041\144\354\126\150}{part.1}% 3
\BOOKMARK [1][-]{section.3}{\376\377\173\300\236\336}{part.1}% 4
\BOOKMARK [2][-]{subsection.3.1}{\376\377\000r\000o\000s\0002\000\040\166\364\210\114\145\271\154\325}{section.3}% 5
\BOOKMARK [2][-]{subsection.3.2}{\376\377\221\315\145\260\146\040\134\004}{section.3}% 6
\BOOKMARK [2][-]{subsection.3.3}{\376\377\173\300\236\336\212\012\140\157}{section.3}% 7
\BOOKMARK [3][-]{subsubsection.3.3.1}{\376\377\212\002\225\261\200\005\377\010\000S\000u\000b\000s\000c\000r\000i\000b\000e\000r\000s\377\011\377\032}{subsection.3.3}% 8
\BOOKMARK [3][-]{subsubsection.3.3.2}{\376\377\166\174\117\110\200\005\377\010\000P\000u\000b\000l\000i\000s\000h\000e\000r\000s\377\011\377\032}{subsection.3.3}% 9
\BOOKMARK [3][-]{subsubsection.3.3.3}{\376\377\147\015\122\331\117\072\147\015\126\150\377\010\000S\000e\000r\000v\000i\000c\000e\000\040\000S\000e\000r\000v\000e\000r\000s\377\011\377\032}{subsection.3.3}% 10
\BOOKMARK [3][-]{subsubsection.3.3.4}{\376\377\147\015\122\331\133\242\142\066\172\357\377\010\000S\000e\000r\000v\000i\000c\000e\000\040\000C\000l\000i\000e\000n\000t\000s\377\011\377\032}{subsection.3.3}% 11
\BOOKMARK [3][-]{subsubsection.3.3.5}{\376\377\122\325\117\134\117\072\147\015\126\150\377\010\000A\000c\000t\000i\000o\000n\000\040\000S\000e\000r\000v\000e\000r\000s\377\011\377\032}{subsection.3.3}% 12
\BOOKMARK [3][-]{subsubsection.3.3.6}{\376\377\122\325\117\134\133\242\142\066\172\357\377\010\000A\000c\000t\000i\000o\000n\000\040\000C\000l\000i\000e\000n\000t\000s\377\011\377\032}{subsection.3.3}% 13
\BOOKMARK [1][-]{section.4}{\376\377\116\073\230\114}{part.1}% 14
\BOOKMARK [2][-]{subsection.4.1}{\376\377\000t\000o\000p\000i\000c\000\040\165\050\154\325}{section.4}% 15
\BOOKMARK [2][-]{subsection.4.2}{\376\377\000l\000i\000s\000t}{section.4}% 16
\BOOKMARK [2][-]{subsection.4.3}{\376\377\000e\000c\000h\000o}{section.4}% 17
\BOOKMARK [2][-]{subsection.4.4}{\376\377\000i\000n\000f\000o}{section.4}% 18
\BOOKMARK [2][-]{subsection.4.5}{\376\377\000i\000n\000t\000e\000r\000f\000a\000c\000e}{section.4}% 19
\BOOKMARK [2][-]{subsection.4.6}{\376\377\000p\000u\000b}{section.4}% 20
\BOOKMARK [1][-]{section.5}{\376\377\123\303\145\170}{part.1}% 21
\BOOKMARK [2][-]{subsection.5.1}{\376\377\000p\000a\000r\000a\000m\000\040\123\357\116\345\117\177\165\050\166\204\143\007\116\344}{section.5}% 22
\BOOKMARK [2][-]{subsection.5.2}{\376\377\000l\000i\000s\000t}{section.5}% 23
\BOOKMARK [2][-]{subsection.5.3}{\376\377\000g\000e\000t}{section.5}% 24
\BOOKMARK [2][-]{subsection.5.4}{\376\377\000s\000e\000t}{section.5}% 25
\BOOKMARK [2][-]{subsection.5.5}{\376\377\000d\000u\000m\000p}{section.5}% 26
\BOOKMARK [2][-]{subsection.5.6}{\376\377\000l\000o\000a\000d}{section.5}% 27
\BOOKMARK [2][-]{subsection.5.7}{\376\377\117\177\165\050\146\102\134\061\122\240\121\145\123\303\145\170}{section.5}% 28
\BOOKMARK [1][-]{section.6}{\376\377\122\325\117\134}{part.1}% 29
\BOOKMARK [2][-]{subsection.6.1}{\376\377\117\177\165\050\122\325\117\134}{section.6}% 30
\BOOKMARK [3][-]{subsubsection.6.1.1}{\376\377\225\213\125\137\152\041\144\354}{subsection.6.1}% 31
\BOOKMARK [3][-]{subsubsection.6.1.2}{\376\377\143\247\122\066\116\046\211\300\133\337}{subsection.6.1}% 32
\BOOKMARK [2][-]{subsection.6.2}{\376\377\000l\000i\000s\000t}{section.6}% 33
\BOOKMARK [2][-]{subsection.6.3}{\376\377\000i\000n\000f\000o}{section.6}% 34
\BOOKMARK [2][-]{subsection.6.4}{\376\377\000i\000n\000t\000e\000r\000f\000a\000c\000e}{section.6}% 35
\BOOKMARK [2][-]{subsection.6.5}{\376\377\000s\000e\000n\000d\000\137\000g\000o\000a\000l}{section.6}% 36
\BOOKMARK [1][-]{section.7}{\376\377\000r\000q\000t\000\040\000c\000o\000n\000s\000o\000l\000e\147\345\167\013\145\345\212\214}{part.1}% 37
\BOOKMARK [2][-]{subsection.7.1}{\376\377\225\213\125\137\000r\000q\000t}{section.7}% 38
\BOOKMARK [2][-]{subsection.7.2}{\376\377\225\213\125\137\173\300\236\336\116\046\122\325\117\134}{section.7}% 39
\BOOKMARK [2][-]{subsection.7.3}{\376\377\212\012\140\157\175\032\122\045}{section.7}% 40
\BOOKMARK [2][-]{subsection.7.4}{\376\377\212\055\133\232\230\020\212\055\212\030\223\004\126\150\175\032\122\045}{section.7}% 41
\BOOKMARK [1][-]{section.8}{\376\377\125\137\122\325\173\300\236\336}{part.1}% 42
\BOOKMARK [2][-]{subsection.8.1}{\376\377\220\113\210\114\125\137\122\325\145\207\116\366}{section.8}% 43
\BOOKMARK [2][-]{subsection.8.2}{\376\377\165\050\000l\000i\000s\000t\117\206\147\345\212\142}{section.8}% 44
\BOOKMARK [1][-]{section.9}{\376\377\212\030\223\004\124\214\126\336\145\076\145\170\144\332}{part.1}% 45
\BOOKMARK [2][-]{subsection.9.1}{\376\377\125\137\122\325\173\300\236\336}{section.9}% 46
\BOOKMARK [2][-]{subsection.9.2}{\376\377\212\030\121\145\166\204\145\271\154\325}{section.9}% 47
\BOOKMARK [2][-]{subsection.9.3}{\376\377\000i\000n\000f\000o}{section.9}% 48
\BOOKMARK [2][-]{subsection.9.4}{\376\377\000p\000l\000a\000y}{section.9}% 49
\BOOKMARK [0][-]{part.2}{\376\377\000I\000I\000\040\133\242\142\066\172\357\136\253\117\177\165\050}{}% 50
\BOOKMARK [1][-]{section.10}{\376\377\000c\000o\000l\000c\000o\000n\136\372\172\313\164\260\130\203}{part.2}% 51
\BOOKMARK [2][-]{subsection.10.1}{\376\377\133\211\210\335\000c\000o\000l\000c\000o\000n}{section.10}% 52
\BOOKMARK [2][-]{subsection.10.2}{\376\377\136\372\172\313\135\345\117\134\166\356\223\004}{section.10}% 53
\BOOKMARK [2][-]{subsection.10.3}{\376\377\116\013\217\011\173\304\117\213\172\013\137\017}{section.10}% 54
\BOOKMARK [2][-]{subsection.10.4}{\376\377\175\350\213\157}{section.10}% 55
\BOOKMARK [2][-]{subsection.10.5}{\376\377\164\260\130\203\125\137\122\325}{section.10}% 56
\BOOKMARK [2][-]{subsection.10.6}{\376\377\156\054\212\146}{section.10}% 57
\BOOKMARK [1][-]{section.11}{\376\377\135\345\117\134\166\356\223\004}{part.2}% 58
\BOOKMARK [2][-]{subsection.11.1}{\376\377\136\372\151\313\122\115\166\204\156\226\120\231}{section.11}% 59
\BOOKMARK [2][-]{subsection.11.2}{\376\377\211\206\204\313\135\345\117\134\123\100}{section.11}% 60
\BOOKMARK [1][-]{section.12}{\376\377\175\350\133\353\116\000\120\013\174\041\125\256\166\204\166\174\136\003\200\005\124\214\212\002\225\261\200\005\000\040\000\050\000P\000y\000t\000h\000o\000n\000\051}{part.2}% 61
\BOOKMARK [2][-]{subsection.12.1}{\376\377\136\372\151\313\123\005}{section.12}% 62
\BOOKMARK [2][-]{subsection.12.2}{\376\377\175\350\133\353\166\174\136\003\200\005\173\300\236\336}{section.12}% 63
\BOOKMARK [2][-]{subsection.12.3}{\376\377\145\260\130\236\117\235\214\364}{section.12}% 64
\BOOKMARK [2][-]{subsection.12.4}{\376\377\145\260\130\236\121\145\123\343\236\336}{section.12}% 65
\BOOKMARK [1][-]{section.13}{\376\377\136\372\151\313\116\046\220\113\210\114}{part.2}% 66
\BOOKMARK [2][-]{subsection.13.1}{\376\377\172\013\137\017\170\274}{section.13}% 67
